{
    "StackEvents": [
        {
            "StackId": "arn:aws:cloudformation:us-east-1:156346049972:stack/CreateSandbox/d84158d0-6f0b-11f0-8ae7-12f8070a8f53",
            "EventId": "921b78d0-6f0c-11f0-b5d7-12cebbfdd7e1",
            "StackName": "CreateSandbox",
            "LogicalResourceId": "CreateSandbox",
            "PhysicalResourceId": "arn:aws:cloudformation:us-east-1:156346049972:stack/CreateSandbox/d84158d0-6f0b-11f0-8ae7-12f8070a8f53",
            "ResourceType": "AWS::CloudFormation::Stack",
            "Timestamp": "2025-08-01T19:20:22.998000+00:00",
            "ResourceStatus": "ROLLBACK_FAILED",
            "ResourceStatusReason": "The following resource(s) failed to delete: [MyDBInstance]. "
        },
        {
            "StackId": "arn:aws:cloudformation:us-east-1:156346049972:stack/CreateSandbox/d84158d0-6f0b-11f0-8ae7-12f8070a8f53",
            "EventId": "EC2Role-DELETE_COMPLETE-2025-08-01T19:20:22.736Z",
            "StackName": "CreateSandbox",
            "LogicalResourceId": "EC2Role",
            "PhysicalResourceId": "SandboxEC2Role",
            "ResourceType": "AWS::IAM::Role",
            "Timestamp": "2025-08-01T19:20:22.736000+00:00",
            "ResourceStatus": "DELETE_COMPLETE",
            "ResourceProperties": "{\"ManagedPolicyArns\":[\"arn:aws:iam::aws:policy/AmazonS3ReadOnlyAccess\"],\"RoleName\":\"SandboxEC2Role\",\"AssumeRolePolicyDocument\":{\"Version\":\"2012-10-17\",\"Statement\":[{\"Action\":\"sts:AssumeRole\",\"Effect\":\"Allow\",\"Principal\":{\"Service\":\"ec2.amazonaws.com\"}}]}}"
        },
        {
            "StackId": "arn:aws:cloudformation:us-east-1:156346049972:stack/CreateSandbox/d84158d0-6f0b-11f0-8ae7-12f8070a8f53",
            "EventId": "EC2Role-DELETE_IN_PROGRESS-2025-08-01T19:20:14.029Z",
            "StackName": "CreateSandbox",
            "LogicalResourceId": "EC2Role",
            "PhysicalResourceId": "SandboxEC2Role",
            "ResourceType": "AWS::IAM::Role",
            "Timestamp": "2025-08-01T19:20:14.029000+00:00",
            "ResourceStatus": "DELETE_IN_PROGRESS",
            "ResourceProperties": "{\"ManagedPolicyArns\":[\"arn:aws:iam::aws:policy/AmazonS3ReadOnlyAccess\"],\"RoleName\":\"SandboxEC2Role\",\"AssumeRolePolicyDocument\":{\"Version\":\"2012-10-17\",\"Statement\":[{\"Action\":\"sts:AssumeRole\",\"Effect\":\"Allow\",\"Principal\":{\"Service\":\"ec2.amazonaws.com\"}}]}}"
        },
        {
            "StackId": "arn:aws:cloudformation:us-east-1:156346049972:stack/CreateSandbox/d84158d0-6f0b-11f0-8ae7-12f8070a8f53",
            "EventId": "EC2InstanceProfile-DELETE_COMPLETE-2025-08-01T19:20:13.648Z",
            "StackName": "CreateSandbox",
            "LogicalResourceId": "EC2InstanceProfile",
            "PhysicalResourceId": "SandboxEC2InstanceProfile",
            "ResourceType": "AWS::IAM::InstanceProfile",
            "Timestamp": "2025-08-01T19:20:13.648000+00:00",
            "ResourceStatus": "DELETE_COMPLETE",
            "ResourceProperties": "{\"InstanceProfileName\":\"SandboxEC2InstanceProfile\",\"Roles\":[\"SandboxEC2Role\"]}"
        },
        {
            "StackId": "arn:aws:cloudformation:us-east-1:156346049972:stack/CreateSandbox/d84158d0-6f0b-11f0-8ae7-12f8070a8f53",
            "EventId": "MyDBInstance-DELETE_FAILED-2025-08-01T19:20:13.434Z",
            "StackName": "CreateSandbox",
            "LogicalResourceId": "MyDBInstance",
            "PhysicalResourceId": "sandbox-db",
            "ResourceType": "AWS::RDS::DBInstance",
            "Timestamp": "2025-08-01T19:20:13.434000+00:00",
            "ResourceStatus": "DELETE_FAILED",
            "ResourceStatusReason": "Cannot create a snapshot because the database instance sandbox-db is not currently in the available state. (Service: Rds, Status Code: 400, Request ID: 5ab5ac35-cd0b-4fbf-bd9b-47af9a8db6e8) (SDK Attempt Count: 1)",
            "ResourceProperties": "{\"MasterUserPassword\":\"****\",\"EngineVersion\":\"8.0\",\"DBInstanceClass\":\"db.t3.micro\",\"MasterUsername\":\"****\",\"PubliclyAccessible\":\"true\",\"Engine\":\"mysql\",\"DBInstanceIdentifier\":\"sandbox-db\",\"AllocatedStorage\":\"20\"}"
        },
        {
            "StackId": "arn:aws:cloudformation:us-east-1:156346049972:stack/CreateSandbox/d84158d0-6f0b-11f0-8ae7-12f8070a8f53",
            "EventId": "EC2InstanceProfile-DELETE_IN_PROGRESS-2025-08-01T19:20:12.784Z",
            "StackName": "CreateSandbox",
            "LogicalResourceId": "EC2InstanceProfile",
            "PhysicalResourceId": "SandboxEC2InstanceProfile",
            "ResourceType": "AWS::IAM::InstanceProfile",
            "Timestamp": "2025-08-01T19:20:12.784000+00:00",
            "ResourceStatus": "DELETE_IN_PROGRESS",
            "ResourceProperties": "{\"InstanceProfileName\":\"SandboxEC2InstanceProfile\",\"Roles\":[\"SandboxEC2Role\"]}"
        },
        {
            "StackId": "arn:aws:cloudformation:us-east-1:156346049972:stack/CreateSandbox/d84158d0-6f0b-11f0-8ae7-12f8070a8f53",
            "EventId": "MyEC2Instance-DELETE_COMPLETE-2025-08-01T19:20:12.431Z",
            "StackName": "CreateSandbox",
            "LogicalResourceId": "MyEC2Instance",
            "PhysicalResourceId": "",
            "ResourceType": "AWS::EC2::Instance",
            "Timestamp": "2025-08-01T19:20:12.431000+00:00",
            "ResourceStatus": "DELETE_COMPLETE",
            "ResourceProperties": "{\"ImageId\":\"ami-0c55b159cbfafe1f0\",\"IamInstanceProfile\":\"SandboxEC2InstanceProfile\",\"InstanceType\":\"t2.micro\",\"Tags\":[{\"Value\":\"SandboxEC2\",\"Key\":\"Name\"}]}"
        },
        {
            "StackId": "arn:aws:cloudformation:us-east-1:156346049972:stack/CreateSandbox/d84158d0-6f0b-11f0-8ae7-12f8070a8f53",
            "EventId": "MyVPC-DELETE_COMPLETE-2025-08-01T19:17:50.498Z",
            "StackName": "CreateSandbox",
            "LogicalResourceId": "MyVPC",
            "PhysicalResourceId": "vpc-0fe7f5e27c4b3430d",
            "ResourceType": "AWS::EC2::VPC",
            "Timestamp": "2025-08-01T19:17:50.498000+00:00",
            "ResourceStatus": "DELETE_COMPLETE",
            "ResourceProperties": "{\"CidrBlock\":\"10.0.0.0/16\",\"Tags\":[{\"Value\":\"SandboxVPC\",\"Key\":\"Name\"}]}"
        },
        {
            "StackId": "arn:aws:cloudformation:us-east-1:156346049972:stack/CreateSandbox/d84158d0-6f0b-11f0-8ae7-12f8070a8f53",
            "EventId": "MyBucket-DELETE_COMPLETE-2025-08-01T19:17:50.468Z",
            "StackName": "CreateSandbox",
            "LogicalResourceId": "MyBucket",
            "PhysicalResourceId": "sandbox-demo-bucket-156346049972",
            "ResourceType": "AWS::S3::Bucket",
            "Timestamp": "2025-08-01T19:17:50.468000+00:00",
            "ResourceStatus": "DELETE_COMPLETE",
            "ResourceProperties": "{\"PublicAccessBlockConfiguration\":{\"RestrictPublicBuckets\":\"true\",\"BlockPublicPolicy\":\"true\",\"BlockPublicAcls\":\"true\",\"IgnorePublicAcls\":\"true\"},\"BucketName\":\"sandbox-demo-bucket-156346049972\"}"
        },
        {
            "StackId": "arn:aws:cloudformation:us-east-1:156346049972:stack/CreateSandbox/d84158d0-6f0b-11f0-8ae7-12f8070a8f53",
            "EventId": "MyBucket-DELETE_IN_PROGRESS-2025-08-01T19:17:48.992Z",
            "StackName": "CreateSandbox",
            "LogicalResourceId": "MyBucket",
            "PhysicalResourceId": "sandbox-demo-bucket-156346049972",
            "ResourceType": "AWS::S3::Bucket",
            "Timestamp": "2025-08-01T19:17:48.992000+00:00",
            "ResourceStatus": "DELETE_IN_PROGRESS",
            "ResourceProperties": "{\"PublicAccessBlockConfiguration\":{\"RestrictPublicBuckets\":\"true\",\"BlockPublicPolicy\":\"true\",\"BlockPublicAcls\":\"true\",\"IgnorePublicAcls\":\"true\"},\"BucketName\":\"sandbox-demo-bucket-156346049972\"}"
        },
        {
            "StackId": "arn:aws:cloudformation:us-east-1:156346049972:stack/CreateSandbox/d84158d0-6f0b-11f0-8ae7-12f8070a8f53",
            "EventId": "MyVPC-DELETE_IN_PROGRESS-2025-08-01T19:17:48.917Z",
            "StackName": "CreateSandbox",
            "LogicalResourceId": "MyVPC",
            "PhysicalResourceId": "vpc-0fe7f5e27c4b3430d",
            "ResourceType": "AWS::EC2::VPC",
            "Timestamp": "2025-08-01T19:17:48.917000+00:00",
            "ResourceStatus": "DELETE_IN_PROGRESS",
            "ResourceProperties": "{\"CidrBlock\":\"10.0.0.0/16\",\"Tags\":[{\"Value\":\"SandboxVPC\",\"Key\":\"Name\"}]}"
        },
        {
            "StackId": "arn:aws:cloudformation:us-east-1:156346049972:stack/CreateSandbox/d84158d0-6f0b-11f0-8ae7-12f8070a8f53",
            "EventId": "MyDBInstance-DELETE_IN_PROGRESS-2025-08-01T19:17:48.916Z",
            "StackName": "CreateSandbox",
            "LogicalResourceId": "MyDBInstance",
            "PhysicalResourceId": "sandbox-db",
            "ResourceType": "AWS::RDS::DBInstance",
            "Timestamp": "2025-08-01T19:17:48.916000+00:00",
            "ResourceStatus": "DELETE_IN_PROGRESS",
            "ResourceProperties": "{\"MasterUserPassword\":\"****\",\"EngineVersion\":\"8.0\",\"DBInstanceClass\":\"db.t3.micro\",\"MasterUsername\":\"****\",\"PubliclyAccessible\":\"true\",\"Engine\":\"mysql\",\"DBInstanceIdentifier\":\"sandbox-db\",\"AllocatedStorage\":\"20\"}"
        },
        {
            "StackId": "arn:aws:cloudformation:us-east-1:156346049972:stack/CreateSandbox/d84158d0-6f0b-11f0-8ae7-12f8070a8f53",
            "EventId": "352986d0-6f0c-11f0-8a35-0affda07b5af",
            "StackName": "CreateSandbox",
            "LogicalResourceId": "CreateSandbox",
            "PhysicalResourceId": "arn:aws:cloudformation:us-east-1:156346049972:stack/CreateSandbox/d84158d0-6f0b-11f0-8ae7-12f8070a8f53",
            "ResourceType": "AWS::CloudFormation::Stack",
            "Timestamp": "2025-08-01T19:17:47.062000+00:00",
            "ResourceStatus": "ROLLBACK_IN_PROGRESS",
            "ResourceStatusReason": "The following resource(s) failed to create: [MyEC2Instance, MyDBInstance]. Rollback requested by user."
        },
        {
            "StackId": "arn:aws:cloudformation:us-east-1:156346049972:stack/CreateSandbox/d84158d0-6f0b-11f0-8ae7-12f8070a8f53",
            "EventId": "MyDBInstance-CREATE_FAILED-2025-08-01T19:17:46.699Z",
            "StackName": "CreateSandbox",
            "LogicalResourceId": "MyDBInstance",
            "PhysicalResourceId": "sandbox-db",
            "ResourceType": "AWS::RDS::DBInstance",
            "Timestamp": "2025-08-01T19:17:46.699000+00:00",
            "ResourceStatus": "CREATE_FAILED",
            "ResourceStatusReason": "Resource creation cancelled",
            "ResourceProperties": "{\"MasterUserPassword\":\"****\",\"EngineVersion\":\"8.0\",\"DBInstanceClass\":\"db.t3.micro\",\"MasterUsername\":\"****\",\"PubliclyAccessible\":\"true\",\"Engine\":\"mysql\",\"DBInstanceIdentifier\":\"sandbox-db\",\"AllocatedStorage\":\"20\"}"
        },
        {
            "StackId": "arn:aws:cloudformation:us-east-1:156346049972:stack/CreateSandbox/d84158d0-6f0b-11f0-8ae7-12f8070a8f53",
            "EventId": "MyEC2Instance-CREATE_FAILED-2025-08-01T19:17:46.384Z",
            "StackName": "CreateSandbox",
            "LogicalResourceId": "MyEC2Instance",
            "PhysicalResourceId": "",
            "ResourceType": "AWS::EC2::Instance",
            "Timestamp": "2025-08-01T19:17:46.384000+00:00",
            "ResourceStatus": "CREATE_FAILED",
            "ResourceStatusReason": "Resource handler returned message: \"The image id '[ami-0c55b159cbfafe1f0]' does not exist (Service: Ec2, Status Code: 400, Request ID: 29134b2b-d787-4cb4-ab0b-dc3ac58e3c8a) (SDK Attempt Count: 1)\" (RequestToken: 008d02d1-48d1-37b7-72b0-5ef6fc2fd828, HandlerErrorCode: InvalidRequest)",
            "ResourceProperties": "{\"ImageId\":\"ami-0c55b159cbfafe1f0\",\"IamInstanceProfile\":\"SandboxEC2InstanceProfile\",\"InstanceType\":\"t2.micro\",\"Tags\":[{\"Value\":\"SandboxEC2\",\"Key\":\"Name\"}]}"
        },
        {
            "StackId": "arn:aws:cloudformation:us-east-1:156346049972:stack/CreateSandbox/d84158d0-6f0b-11f0-8ae7-12f8070a8f53",
            "EventId": "EC2InstanceProfile-CREATE_COMPLETE-2025-08-01T19:17:45.445Z",
            "StackName": "CreateSandbox",
            "LogicalResourceId": "EC2InstanceProfile",
            "PhysicalResourceId": "SandboxEC2InstanceProfile",
            "ResourceType": "AWS::IAM::InstanceProfile",
            "Timestamp": "2025-08-01T19:17:45.445000+00:00",
            "ResourceStatus": "CREATE_COMPLETE",
            "ResourceProperties": "{\"InstanceProfileName\":\"SandboxEC2InstanceProfile\",\"Roles\":[\"SandboxEC2Role\"]}"
        },
        {
            "StackId": "arn:aws:cloudformation:us-east-1:156346049972:stack/CreateSandbox/d84158d0-6f0b-11f0-8ae7-12f8070a8f53",
            "EventId": "MyEC2Instance-CREATE_IN_PROGRESS-2025-08-01T19:15:42.512Z",
            "StackName": "CreateSandbox",
            "LogicalResourceId": "MyEC2Instance",
            "PhysicalResourceId": "",
            "ResourceType": "AWS::EC2::Instance",
            "Timestamp": "2025-08-01T19:15:42.512000+00:00",
            "ResourceStatus": "CREATE_IN_PROGRESS",
            "ResourceProperties": "{\"ImageId\":\"ami-0c55b159cbfafe1f0\",\"IamInstanceProfile\":\"SandboxEC2InstanceProfile\",\"InstanceType\":\"t2.micro\",\"Tags\":[{\"Value\":\"SandboxEC2\",\"Key\":\"Name\"}]}"
        },
        {
            "StackId": "arn:aws:cloudformation:us-east-1:156346049972:stack/CreateSandbox/d84158d0-6f0b-11f0-8ae7-12f8070a8f53",
            "EventId": "EC2InstanceProfile-7c72a925-be42-4d35-a684-07fe106a10eb",
            "StackName": "CreateSandbox",
            "LogicalResourceId": "EC2InstanceProfile",
            "PhysicalResourceId": "SandboxEC2InstanceProfile",
            "ResourceType": "AWS::IAM::InstanceProfile",
            "Timestamp": "2025-08-01T19:15:42.241000+00:00",
            "ResourceStatus": "CREATE_IN_PROGRESS",
            "ResourceStatusReason": "Eventual consistency check initiated"
        },
        {
            "StackId": "arn:aws:cloudformation:us-east-1:156346049972:stack/CreateSandbox/d84158d0-6f0b-11f0-8ae7-12f8070a8f53",
            "EventId": "EC2InstanceProfile-CREATE_IN_PROGRESS-2025-08-01T19:15:33.440Z",
            "StackName": "CreateSandbox",
            "LogicalResourceId": "EC2InstanceProfile",
            "PhysicalResourceId": "SandboxEC2InstanceProfile",
            "ResourceType": "AWS::IAM::InstanceProfile",
            "Timestamp": "2025-08-01T19:15:33.440000+00:00",
            "ResourceStatus": "CREATE_IN_PROGRESS",
            "ResourceStatusReason": "Resource creation Initiated",
            "ResourceProperties": "{\"InstanceProfileName\":\"SandboxEC2InstanceProfile\",\"Roles\":[\"SandboxEC2Role\"]}"
        },
        {
            "StackId": "arn:aws:cloudformation:us-east-1:156346049972:stack/CreateSandbox/d84158d0-6f0b-11f0-8ae7-12f8070a8f53",
            "EventId": "EC2InstanceProfile-CREATE_IN_PROGRESS-2025-08-01T19:15:32.458Z",
            "StackName": "CreateSandbox",
            "LogicalResourceId": "EC2InstanceProfile",
            "PhysicalResourceId": "",
            "ResourceType": "AWS::IAM::InstanceProfile",
            "Timestamp": "2025-08-01T19:15:32.458000+00:00",
            "ResourceStatus": "CREATE_IN_PROGRESS",
            "ResourceProperties": "{\"InstanceProfileName\":\"SandboxEC2InstanceProfile\",\"Roles\":[\"SandboxEC2Role\"]}"
        },
        {
            "StackId": "arn:aws:cloudformation:us-east-1:156346049972:stack/CreateSandbox/d84158d0-6f0b-11f0-8ae7-12f8070a8f53",
            "EventId": "EC2Role-CREATE_COMPLETE-2025-08-01T19:15:31.963Z",
            "StackName": "CreateSandbox",
            "LogicalResourceId": "EC2Role",
            "PhysicalResourceId": "SandboxEC2Role",
            "ResourceType": "AWS::IAM::Role",
            "Timestamp": "2025-08-01T19:15:31.963000+00:00",
            "ResourceStatus": "CREATE_COMPLETE",
            "ResourceProperties": "{\"ManagedPolicyArns\":[\"arn:aws:iam::aws:policy/AmazonS3ReadOnlyAccess\"],\"RoleName\":\"SandboxEC2Role\",\"AssumeRolePolicyDocument\":{\"Version\":\"2012-10-17\",\"Statement\":[{\"Action\":\"sts:AssumeRole\",\"Effect\":\"Allow\",\"Principal\":{\"Service\":\"ec2.amazonaws.com\"}}]}}"
        },
        {
            "StackId": "arn:aws:cloudformation:us-east-1:156346049972:stack/CreateSandbox/d84158d0-6f0b-11f0-8ae7-12f8070a8f53",
            "EventId": "MyBucket-CREATE_COMPLETE-2025-08-01T19:15:27.699Z",
            "StackName": "CreateSandbox",
            "LogicalResourceId": "MyBucket",
            "PhysicalResourceId": "sandbox-demo-bucket-156346049972",
            "ResourceType": "AWS::S3::Bucket",
            "Timestamp": "2025-08-01T19:15:27.699000+00:00",
            "ResourceStatus": "CREATE_COMPLETE",
            "ResourceProperties": "{\"PublicAccessBlockConfiguration\":{\"RestrictPublicBuckets\":\"true\",\"BlockPublicPolicy\":\"true\",\"BlockPublicAcls\":\"true\",\"IgnorePublicAcls\":\"true\"},\"BucketName\":\"sandbox-demo-bucket-156346049972\"}"
        },
        {
            "StackId": "arn:aws:cloudformation:us-east-1:156346049972:stack/CreateSandbox/d84158d0-6f0b-11f0-8ae7-12f8070a8f53",
            "EventId": "MyVPC-CREATE_COMPLETE-2025-08-01T19:15:27.460Z",
            "StackName": "CreateSandbox",
            "LogicalResourceId": "MyVPC",
            "PhysicalResourceId": "vpc-0fe7f5e27c4b3430d",
            "ResourceType": "AWS::EC2::VPC",
            "Timestamp": "2025-08-01T19:15:27.460000+00:00",
            "ResourceStatus": "CREATE_COMPLETE",
            "ResourceProperties": "{\"CidrBlock\":\"10.0.0.0/16\",\"Tags\":[{\"Value\":\"SandboxVPC\",\"Key\":\"Name\"}]}"
        },
        {
            "StackId": "arn:aws:cloudformation:us-east-1:156346049972:stack/CreateSandbox/d84158d0-6f0b-11f0-8ae7-12f8070a8f53",
            "EventId": "MyVPC-CREATE_IN_PROGRESS-2025-08-01T19:15:15.711Z",
            "StackName": "CreateSandbox",
            "LogicalResourceId": "MyVPC",
            "PhysicalResourceId": "vpc-0fe7f5e27c4b3430d",
            "ResourceType": "AWS::EC2::VPC",
            "Timestamp": "2025-08-01T19:15:15.711000+00:00",
            "ResourceStatus": "CREATE_IN_PROGRESS",
            "ResourceStatusReason": "Resource creation Initiated",
            "ResourceProperties": "{\"CidrBlock\":\"10.0.0.0/16\",\"Tags\":[{\"Value\":\"SandboxVPC\",\"Key\":\"Name\"}]}"
        },
        {
            "StackId": "arn:aws:cloudformation:us-east-1:156346049972:stack/CreateSandbox/d84158d0-6f0b-11f0-8ae7-12f8070a8f53",
            "EventId": "MyDBInstance-CREATE_IN_PROGRESS-2025-08-01T19:15:15.113Z",
            "StackName": "CreateSandbox",
            "LogicalResourceId": "MyDBInstance",
            "PhysicalResourceId": "sandbox-db",
            "ResourceType": "AWS::RDS::DBInstance",
            "Timestamp": "2025-08-01T19:15:15.113000+00:00",
            "ResourceStatus": "CREATE_IN_PROGRESS",
            "ResourceStatusReason": "Resource creation Initiated",
            "ResourceProperties": "{\"MasterUserPassword\":\"****\",\"EngineVersion\":\"8.0\",\"DBInstanceClass\":\"db.t3.micro\",\"MasterUsername\":\"****\",\"PubliclyAccessible\":\"true\",\"Engine\":\"mysql\",\"DBInstanceIdentifier\":\"sandbox-db\",\"AllocatedStorage\":\"20\"}"
        },
        {
            "StackId": "arn:aws:cloudformation:us-east-1:156346049972:stack/CreateSandbox/d84158d0-6f0b-11f0-8ae7-12f8070a8f53",
            "EventId": "MyBucket-CREATE_IN_PROGRESS-2025-08-01T19:15:14.649Z",
            "StackName": "CreateSandbox",
            "LogicalResourceId": "MyBucket",
            "PhysicalResourceId": "sandbox-demo-bucket-156346049972",
            "ResourceType": "AWS::S3::Bucket",
            "Timestamp": "2025-08-01T19:15:14.649000+00:00",
            "ResourceStatus": "CREATE_IN_PROGRESS",
            "ResourceStatusReason": "Resource creation Initiated",
            "ResourceProperties": "{\"PublicAccessBlockConfiguration\":{\"RestrictPublicBuckets\":\"true\",\"BlockPublicPolicy\":\"true\",\"BlockPublicAcls\":\"true\",\"IgnorePublicAcls\":\"true\"},\"BucketName\":\"sandbox-demo-bucket-156346049972\"}"
        },
        {
            "StackId": "arn:aws:cloudformation:us-east-1:156346049972:stack/CreateSandbox/d84158d0-6f0b-11f0-8ae7-12f8070a8f53",
            "EventId": "EC2Role-CREATE_IN_PROGRESS-2025-08-01T19:15:14.245Z",
            "StackName": "CreateSandbox",
            "LogicalResourceId": "EC2Role",
            "PhysicalResourceId": "SandboxEC2Role",
            "ResourceType": "AWS::IAM::Role",
            "Timestamp": "2025-08-01T19:15:14.245000+00:00",
            "ResourceStatus": "CREATE_IN_PROGRESS",
            "ResourceStatusReason": "Resource creation Initiated",
            "ResourceProperties": "{\"ManagedPolicyArns\":[\"arn:aws:iam::aws:policy/AmazonS3ReadOnlyAccess\"],\"RoleName\":\"SandboxEC2Role\",\"AssumeRolePolicyDocument\":{\"Version\":\"2012-10-17\",\"Statement\":[{\"Action\":\"sts:AssumeRole\",\"Effect\":\"Allow\",\"Principal\":{\"Service\":\"ec2.amazonaws.com\"}}]}}"
        },
        {
            "StackId": "arn:aws:cloudformation:us-east-1:156346049972:stack/CreateSandbox/d84158d0-6f0b-11f0-8ae7-12f8070a8f53",
            "EventId": "MyDBInstance-CREATE_IN_PROGRESS-2025-08-01T19:15:13.570Z",
            "StackName": "CreateSandbox",
            "LogicalResourceId": "MyDBInstance",
            "PhysicalResourceId": "",
            "ResourceType": "AWS::RDS::DBInstance",
            "Timestamp": "2025-08-01T19:15:13.570000+00:00",
            "ResourceStatus": "CREATE_IN_PROGRESS",
            "ResourceProperties": "{\"MasterUserPassword\":\"****\",\"EngineVersion\":\"8.0\",\"DBInstanceClass\":\"db.t3.micro\",\"MasterUsername\":\"****\",\"PubliclyAccessible\":\"true\",\"Engine\":\"mysql\",\"DBInstanceIdentifier\":\"sandbox-db\",\"AllocatedStorage\":\"20\"}"
        },
        {
            "StackId": "arn:aws:cloudformation:us-east-1:156346049972:stack/CreateSandbox/d84158d0-6f0b-11f0-8ae7-12f8070a8f53",
            "EventId": "MyVPC-CREATE_IN_PROGRESS-2025-08-01T19:15:13.540Z",
            "StackName": "CreateSandbox",
            "LogicalResourceId": "MyVPC",
            "PhysicalResourceId": "",
            "ResourceType": "AWS::EC2::VPC",
            "Timestamp": "2025-08-01T19:15:13.540000+00:00",
            "ResourceStatus": "CREATE_IN_PROGRESS",
            "ResourceProperties": "{\"CidrBlock\":\"10.0.0.0/16\",\"Tags\":[{\"Value\":\"SandboxVPC\",\"Key\":\"Name\"}]}"
        },
        {
            "StackId": "arn:aws:cloudformation:us-east-1:156346049972:stack/CreateSandbox/d84158d0-6f0b-11f0-8ae7-12f8070a8f53",
            "EventId": "EC2Role-CREATE_IN_PROGRESS-2025-08-01T19:15:13.492Z",
            "StackName": "CreateSandbox",
            "LogicalResourceId": "EC2Role",
            "PhysicalResourceId": "",
            "ResourceType": "AWS::IAM::Role",
            "Timestamp": "2025-08-01T19:15:13.492000+00:00",
            "ResourceStatus": "CREATE_IN_PROGRESS",
            "ResourceProperties": "{\"ManagedPolicyArns\":[\"arn:aws:iam::aws:policy/AmazonS3ReadOnlyAccess\"],\"RoleName\":\"SandboxEC2Role\",\"AssumeRolePolicyDocument\":{\"Version\":\"2012-10-17\",\"Statement\":[{\"Action\":\"sts:AssumeRole\",\"Effect\":\"Allow\",\"Principal\":{\"Service\":\"ec2.amazonaws.com\"}}]}}"
        },
        {
            "StackId": "arn:aws:cloudformation:us-east-1:156346049972:stack/CreateSandbox/d84158d0-6f0b-11f0-8ae7-12f8070a8f53",
            "EventId": "MyBucket-CREATE_IN_PROGRESS-2025-08-01T19:15:13.490Z",
            "StackName": "CreateSandbox",
            "LogicalResourceId": "MyBucket",
            "PhysicalResourceId": "",
            "ResourceType": "AWS::S3::Bucket",
            "Timestamp": "2025-08-01T19:15:13.490000+00:00",
            "ResourceStatus": "CREATE_IN_PROGRESS",
            "ResourceProperties": "{\"PublicAccessBlockConfiguration\":{\"RestrictPublicBuckets\":\"true\",\"BlockPublicPolicy\":\"true\",\"BlockPublicAcls\":\"true\",\"IgnorePublicAcls\":\"true\"},\"BucketName\":\"sandbox-demo-bucket-156346049972\"}"
        },
        {
            "StackId": "arn:aws:cloudformation:us-east-1:156346049972:stack/CreateSandbox/d84158d0-6f0b-11f0-8ae7-12f8070a8f53",
            "EventId": "d8446610-6f0b-11f0-8ae7-12f8070a8f53",
            "StackName": "CreateSandbox",
            "LogicalResourceId": "CreateSandbox",
            "PhysicalResourceId": "arn:aws:cloudformation:us-east-1:156346049972:stack/CreateSandbox/d84158d0-6f0b-11f0-8ae7-12f8070a8f53",
            "ResourceType": "AWS::CloudFormation::Stack",
            "Timestamp": "2025-08-01T19:15:11.259000+00:00",
            "ResourceStatus": "CREATE_IN_PROGRESS",
            "ResourceStatusReason": "User Initiated"
        }
    ]
}
